#
# There is insufficient memory for the Java Runtime Environment to continue.
# Native memory allocation (mmap) failed to map 127926272 bytes for committing reserved memory.
# Possible reasons:
#   The system is out of physical RAM or swap space
#   The process is running with CompressedOops enabled, and the Java Heap may be blocking the growth of the native heap
# Possible solutions:
#   Reduce memory load on the system
#   Increase physical memory or swap space
#   Check if swap backing store is full
#   Decrease Java heap size (-Xmx/-Xms)
#   Decrease number of Java threads
#   Decrease Java thread stack sizes (-Xss)
#   Set larger code cache with -XX:ReservedCodeCacheSize=
# This output file may be truncated or incomplete.
#
#  Out of Memory Error (os_linux.cpp:2839), pid=17644, tid=17646
#
# JRE version:  (11.0.5+10) (build )
# Java VM: OpenJDK 64-Bit Server VM (11.0.5+10-post-Ubuntu-0ubuntu1.118.04, mixed mode, aot, sharing, tiered, compressed oops, g1 gc, linux-amd64)
# Core dump will be written. Default location: Core dumps may be processed with "/lib/systemd/systemd-coredump %P %u %g %s %t 9223372036854775808 %e" (or dumping to /home/bs674/Dropbox/panandscripts/CNS_analysis/MyCNSanalysis/core.17644)
#

---------------  S U M M A R Y ------------

Command Line: -Dfile.encoding=UTF-8 me.songbx.mains.CnsRegionJeffRIsCORE

Host: Intel(R) Core(TM) i7-8565U CPU @ 1.80GHz, 8 cores, 7G, Linux Mint 19.3 Tricia
Time: Mon Dec 30 20:30:21 2019 PST elapsed time: 0 seconds (0d 0h 0m 0s)

---------------  T H R E A D  ---------------

Current thread (0x00007fb8b0015000):  JavaThread "Unknown thread" [_thread_in_vm, id=17646, stack(0x00007fb8b70b0000,0x00007fb8b71b1000)]

Stack: [0x00007fb8b70b0000,0x00007fb8b71b1000],  sp=0x00007fb8b71af2c0,  free space=1020k
Native frames: (J=compiled Java code, A=aot compiled Java code, j=interpreted, Vv=VM code, C=native code)
V  [libjvm.so+0xdec067]
V  [libjvm.so+0xdeccbb]
V  [libjvm.so+0x64fc15]
V  [libjvm.so+0xbc77d8]
V  [libjvm.so+0xbbf0fd]
V  [libjvm.so+0x76d91f]
V  [libjvm.so+0x76db8e]
V  [libjvm.so+0x779c00]
V  [libjvm.so+0x7f4f49]
V  [libjvm.so+0x7f5ba2]
V  [libjvm.so+0x7f6009]
V  [libjvm.so+0x72c0df]
V  [libjvm.so+0x72c7cd]
V  [libjvm.so+0xda6892]
V  [libjvm.so+0xda6b26]
V  [libjvm.so+0x815b47]
V  [libjvm.so+0xd7e2c7]
V  [libjvm.so+0x8cf6c1]  JNI_CreateJavaVM+0x51
C  [libjli.so+0x4a66]
C  [libjli.so+0x92cd]


---------------  P R O C E S S  ---------------

Threads class SMR info:
_java_thread_list=0x000056383f4fb240, length=0, elements={
}

Java Threads: ( => current thread )

Other Threads:
  0x00007fb8b002e000 GCTaskThread "GC Thread#0" [stack: 0x00007fb8979c3000,0x00007fb897ac3000] [id=17651]
  0x00007fb8b005e000 ConcurrentGCThread "G1 Main Marker" [stack: 0x00007fb894737000,0x00007fb894837000] [id=17652]
  0x00007fb8b0060000 ConcurrentGCThread "G1 Conc#0" [stack: 0x00007fb894635000,0x00007fb894735000] [id=17653]

[error occurred during error reporting (printing all threads), id 0xb, SIGSEGV (0xb) at pc=0x00007fb8b568f3f0]

VM state:not at safepoint (not fully initialized)

VM Mutex/Monitor currently owned by a thread:  ([mutex/lock_event])
[0x00007fb8b00119d0] Heap_lock - owner thread: 0x00007fb8b0015000

Heap address: 0x0000000087400000, size: 1932 MB, Compressed Oops mode: Non-zero based: 0x0000000087400000
Narrow klass base: 0x0000000000000000, Narrow klass shift: 0

GC Heap History (0 events):
No events

Deoptimization events (0 events):
No events

Classes redefined (0 events):
No events

Internal exceptions (0 events):
No events

Events (1 events):
Event: 0.007 Protecting memory [0x00007fb8b70b0000,0x00007fb8b70b4000] with protection modes 0


Dynamic libraries:
8ee00000-100000000 ---p 00000000 00:00 0 
56383d449000-56383d44a000 r-xp 00000000 103:02 24118405                  /usr/lib/jvm/java-11-openjdk-amd64/bin/java
56383d64a000-56383d64b000 r--p 00001000 103:02 24118405                  /usr/lib/jvm/java-11-openjdk-amd64/bin/java
56383d64b000-56383d64c000 rw-p 00002000 103:02 24118405                  /usr/lib/jvm/java-11-openjdk-amd64/bin/java
56383f4e3000-56383f504000 rw-p 00000000 00:00 0                          [heap]
7fb880000000-7fb880021000 rw-p 00000000 00:00 0 
7fb880021000-7fb884000000 ---p 00000000 00:00 0 
7fb887eff000-7fb888000000 rw-p 00000000 00:00 0 
7fb888000000-7fb888021000 rw-p 00000000 00:00 0 
7fb888021000-7fb88c000000 ---p 00000000 00:00 0 
7fb88c0cf000-7fb88e1d0000 rw-p 00000000 00:00 0 
7fb88e1d0000-7fb890000000 ---p 00000000 00:00 0 
7fb890000000-7fb890021000 rw-p 00000000 00:00 0 
7fb890021000-7fb894000000 ---p 00000000 00:00 0 
7fb89402d000-7fb894633000 rw-p 00000000 00:00 0 
7fb894633000-7fb894634000 ---p 00000000 00:00 0 
7fb894634000-7fb894735000 rw-p 00000000 00:00 0 
7fb894735000-7fb894736000 ---p 00000000 00:00 0 
7fb894736000-7fb894837000 rw-p 00000000 00:00 0 
7fb894837000-7fb8971b9000 ---p 00000000 00:00 0 
7fb8971b9000-7fb8979c1000 rw-p 00000000 00:00 0 
7fb8979c1000-7fb8979c2000 ---p 00000000 00:00 0 
7fb8979c2000-7fb897ac3000 rw-p 00000000 00:00 0 
7fb897ac3000-7fb897d33000 rwxp 00000000 00:00 0 
7fb897d33000-7fb898054000 ---p 00000000 00:00 0 
7fb898054000-7fb8982c4000 rwxp 00000000 00:00 0 
7fb8982c4000-7fb89f58b000 ---p 00000000 00:00 0 
7fb89f58b000-7fb89f7fb000 rwxp 00000000 00:00 0 
7fb89f7fb000-7fb8a6ac3000 ---p 00000000 00:00 0 
7fb8a6ac3000-7fb8af185000 r--s 00000000 103:02 24129072                  /usr/lib/jvm/java-11-openjdk-amd64/lib/modules
7fb8af185000-7fb8af18a000 r-xp 00000000 103:02 24129054                  /usr/lib/jvm/java-11-openjdk-amd64/lib/libjimage.so
7fb8af18a000-7fb8af389000 ---p 00005000 103:02 24129054                  /usr/lib/jvm/java-11-openjdk-amd64/lib/libjimage.so
7fb8af389000-7fb8af38a000 r--p 00004000 103:02 24129054                  /usr/lib/jvm/java-11-openjdk-amd64/lib/libjimage.so
7fb8af38a000-7fb8af38b000 rw-p 00005000 103:02 24129054                  /usr/lib/jvm/java-11-openjdk-amd64/lib/libjimage.so
7fb8af38b000-7fb8af392000 r-xp 00000000 103:02 24129071                  /usr/lib/jvm/java-11-openjdk-amd64/lib/libzip.so
7fb8af392000-7fb8af591000 ---p 00007000 103:02 24129071                  /usr/lib/jvm/java-11-openjdk-amd64/lib/libzip.so
7fb8af591000-7fb8af592000 r--p 00006000 103:02 24129071                  /usr/lib/jvm/java-11-openjdk-amd64/lib/libzip.so
7fb8af592000-7fb8af593000 rw-p 00007000 103:02 24129071                  /usr/lib/jvm/java-11-openjdk-amd64/lib/libzip.so
7fb8af593000-7fb8af59e000 r-xp 00000000 103:02 30806907                  /lib/x86_64-linux-gnu/libnss_files-2.27.so
7fb8af59e000-7fb8af79d000 ---p 0000b000 103:02 30806907                  /lib/x86_64-linux-gnu/libnss_files-2.27.so
7fb8af79d000-7fb8af79e000 r--p 0000a000 103:02 30806907                  /lib/x86_64-linux-gnu/libnss_files-2.27.so
7fb8af79e000-7fb8af79f000 rw-p 0000b000 103:02 30806907                  /lib/x86_64-linux-gnu/libnss_files-2.27.so
7fb8af79f000-7fb8af7a5000 rw-p 00000000 00:00 0 
7fb8af7a5000-7fb8af7bc000 r-xp 00000000 103:02 30806901                  /lib/x86_64-linux-gnu/libnsl-2.27.so
7fb8af7bc000-7fb8af9bb000 ---p 00017000 103:02 30806901                  /lib/x86_64-linux-gnu/libnsl-2.27.so
7fb8af9bb000-7fb8af9bc000 r--p 00016000 103:02 30806901                  /lib/x86_64-linux-gnu/libnsl-2.27.so
7fb8af9bc000-7fb8af9bd000 rw-p 00017000 103:02 30806901                  /lib/x86_64-linux-gnu/libnsl-2.27.so
7fb8af9bd000-7fb8af9bf000 rw-p 00000000 00:00 0 
7fb8af9bf000-7fb8af9ca000 r-xp 00000000 103:02 30806918                  /lib/x86_64-linux-gnu/libnss_nis-2.27.so
7fb8af9ca000-7fb8afbc9000 ---p 0000b000 103:02 30806918                  /lib/x86_64-linux-gnu/libnss_nis-2.27.so
7fb8afbc9000-7fb8afbca000 r--p 0000a000 103:02 30806918                  /lib/x86_64-linux-gnu/libnss_nis-2.27.so
7fb8afbca000-7fb8afbcb000 rw-p 0000b000 103:02 30806918                  /lib/x86_64-linux-gnu/libnss_nis-2.27.so
7fb8afbcb000-7fb8afbd3000 r-xp 00000000 103:02 30806903                  /lib/x86_64-linux-gnu/libnss_compat-2.27.so
7fb8afbd3000-7fb8afdd3000 ---p 00008000 103:02 30806903                  /lib/x86_64-linux-gnu/libnss_compat-2.27.so
7fb8afdd3000-7fb8afdd4000 r--p 00008000 103:02 30806903                  /lib/x86_64-linux-gnu/libnss_compat-2.27.so
7fb8afdd4000-7fb8afdd5000 rw-p 00009000 103:02 30806903                  /lib/x86_64-linux-gnu/libnss_compat-2.27.so
7fb8afdd5000-7fb8afdfe000 r-xp 00000000 103:02 24129050                  /usr/lib/jvm/java-11-openjdk-amd64/lib/libjava.so
7fb8afdfe000-7fb8afffd000 ---p 00029000 103:02 24129050                  /usr/lib/jvm/java-11-openjdk-amd64/lib/libjava.so
7fb8afffd000-7fb8afffe000 r--p 00028000 103:02 24129050                  /usr/lib/jvm/java-11-openjdk-amd64/lib/libjava.so
7fb8afffe000-7fb8b0000000 rw-p 00029000 103:02 24129050                  /usr/lib/jvm/java-11-openjdk-amd64/lib/libjava.so
7fb8b0000000-7fb8b008b000 rw-p 00000000 00:00 0 
7fb8b008b000-7fb8b4000000 ---p 00000000 00:00 0 
7fb8b401e000-7fb8b4023000 rw-p 00000000 00:00 0 
7fb8b4023000-7fb8b4109000 ---p 00000000 00:00 0 
7fb8b4109000-7fb8b410e000 rw-p 00000000 00:00 0 
7fb8b410e000-7fb8b41f4000 ---p 00000000 00:00 0 
7fb8b41f4000-7fb8b4201000 r-xp 00000000 103:02 24129070                  /usr/lib/jvm/java-11-openjdk-amd64/lib/libverify.so
7fb8b4201000-7fb8b4400000 ---p 0000d000 103:02 24129070                  /usr/lib/jvm/java-11-openjdk-amd64/lib/libverify.so
7fb8b4400000-7fb8b4402000 r--p 0000c000 103:02 24129070                  /usr/lib/jvm/java-11-openjdk-amd64/lib/libverify.so
7fb8b4402000-7fb8b4403000 rw-p 0000e000 103:02 24129070                  /usr/lib/jvm/java-11-openjdk-amd64/lib/libverify.so
7fb8b4403000-7fb8b440a000 r-xp 00000000 103:02 30806958                  /lib/x86_64-linux-gnu/librt-2.27.so
7fb8b440a000-7fb8b4609000 ---p 00007000 103:02 30806958                  /lib/x86_64-linux-gnu/librt-2.27.so
7fb8b4609000-7fb8b460a000 r--p 00006000 103:02 30806958                  /lib/x86_64-linux-gnu/librt-2.27.so
7fb8b460a000-7fb8b460b000 rw-p 00007000 103:02 30806958                  /lib/x86_64-linux-gnu/librt-2.27.so
7fb8b460b000-7fb8b4622000 r-xp 00000000 103:02 30806854                  /lib/x86_64-linux-gnu/libgcc_s.so.1
7fb8b4622000-7fb8b4821000 ---p 00017000 103:02 30806854                  /lib/x86_64-linux-gnu/libgcc_s.so.1
7fb8b4821000-7fb8b4822000 r--p 00016000 103:02 30806854                  /lib/x86_64-linux-gnu/libgcc_s.so.1
7fb8b4822000-7fb8b4823000 rw-p 00017000 103:02 30806854                  /lib/x86_64-linux-gnu/libgcc_s.so.1
7fb8b4823000-7fb8b49c0000 r-xp 00000000 103:02 30806880                  /lib/x86_64-linux-gnu/libm-2.27.so
7fb8b49c0000-7fb8b4bbf000 ---p 0019d000 103:02 30806880                  /lib/x86_64-linux-gnu/libm-2.27.so
7fb8b4bbf000-7fb8b4bc0000 r--p 0019c000 103:02 30806880                  /lib/x86_64-linux-gnu/libm-2.27.so
7fb8b4bc0000-7fb8b4bc1000 rw-p 0019d000 103:02 30806880                  /lib/x86_64-linux-gnu/libm-2.27.so
7fb8b4bc1000-7fb8b4d3a000 r-xp 00000000 103:02 24125292                  /usr/lib/x86_64-linux-gnu/libstdc++.so.6.0.25
7fb8b4d3a000-7fb8b4f3a000 ---p 00179000 103:02 24125292                  /usr/lib/x86_64-linux-gnu/libstdc++.so.6.0.25
7fb8b4f3a000-7fb8b4f44000 r--p 00179000 103:02 24125292                  /usr/lib/x86_64-linux-gnu/libstdc++.so.6.0.25
7fb8b4f44000-7fb8b4f46000 rw-p 00183000 103:02 24125292                  /usr/lib/x86_64-linux-gnu/libstdc++.so.6.0.25
7fb8b4f46000-7fb8b4f4a000 rw-p 00000000 00:00 0 
7fb8b4f4a000-7fb8b601e000 r-xp 00000000 103:02 24129075                  /usr/lib/jvm/java-11-openjdk-amd64/lib/server/libjvm.so
7fb8b601e000-7fb8b621e000 ---p 010d4000 103:02 24129075                  /usr/lib/jvm/java-11-openjdk-amd64/lib/server/libjvm.so
7fb8b621e000-7fb8b62db000 r--p 010d4000 103:02 24129075                  /usr/lib/jvm/java-11-openjdk-amd64/lib/server/libjvm.so
7fb8b62db000-7fb8b6314000 rw-p 01191000 103:02 24129075                  /usr/lib/jvm/java-11-openjdk-amd64/lib/server/libjvm.so
7fb8b6314000-7fb8b636b000 rw-p 00000000 00:00 0 
7fb8b636b000-7fb8b6385000 r-xp 00000000 103:02 30806950                  /lib/x86_64-linux-gnu/libpthread-2.27.so
7fb8b6385000-7fb8b6584000 ---p 0001a000 103:02 30806950                  /lib/x86_64-linux-gnu/libpthread-2.27.so
7fb8b6584000-7fb8b6585000 r--p 00019000 103:02 30806950                  /lib/x86_64-linux-gnu/libpthread-2.27.so
7fb8b6585000-7fb8b6586000 rw-p 0001a000 103:02 30806950                  /lib/x86_64-linux-gnu/libpthread-2.27.so
7fb8b6586000-7fb8b658a000 rw-p 00000000 00:00 0 
7fb8b658a000-7fb8b658d000 r-xp 00000000 103:02 30806840                  /lib/x86_64-linux-gnu/libdl-2.27.so
7fb8b658d000-7fb8b678c000 ---p 00003000 103:02 30806840                  /lib/x86_64-linux-gnu/libdl-2.27.so
7fb8b678c000-7fb8b678d000 r--p 00002000 103:02 30806840                  /lib/x86_64-linux-gnu/libdl-2.27.so
7fb8b678d000-7fb8b678e000 rw-p 00003000 103:02 30806840                  /lib/x86_64-linux-gnu/libdl-2.27.so
7fb8b678e000-7fb8b67aa000 r-xp 00000000 103:02 30806991                  /lib/x86_64-linux-gnu/libz.so.1.2.11
7fb8b67aa000-7fb8b69a9000 ---p 0001c000 103:02 30806991                  /lib/x86_64-linux-gnu/libz.so.1.2.11
7fb8b69a9000-7fb8b69aa000 r--p 0001b000 103:02 30806991                  /lib/x86_64-linux-gnu/libz.so.1.2.11
7fb8b69aa000-7fb8b69ab000 rw-p 0001c000 103:02 30806991                  /lib/x86_64-linux-gnu/libz.so.1.2.11
7fb8b69ab000-7fb8b6b92000 r-xp 00000000 103:02 30806817                  /lib/x86_64-linux-gnu/libc-2.27.so
7fb8b6b92000-7fb8b6d92000 ---p 001e7000 103:02 30806817                  /lib/x86_64-linux-gnu/libc-2.27.so
7fb8b6d92000-7fb8b6d96000 r--p 001e7000 103:02 30806817                  /lib/x86_64-linux-gnu/libc-2.27.so
7fb8b6d96000-7fb8b6d98000 rw-p 001eb000 103:02 30806817                  /lib/x86_64-linux-gnu/libc-2.27.so
7fb8b6d98000-7fb8b6d9c000 rw-p 00000000 00:00 0 
7fb8b6d9c000-7fb8b6dac000 r-xp 00000000 103:02 24125255                  /usr/lib/jvm/java-11-openjdk-amd64/lib/jli/libjli.so
7fb8b6dac000-7fb8b6fab000 ---p 00010000 103:02 24125255                  /usr/lib/jvm/java-11-openjdk-amd64/lib/jli/libjli.so
7fb8b6fab000-7fb8b6fac000 r--p 0000f000 103:02 24125255                  /usr/lib/jvm/java-11-openjdk-amd64/lib/jli/libjli.so
7fb8b6fac000-7fb8b6fad000 rw-p 00010000 103:02 24125255                  /usr/lib/jvm/java-11-openjdk-amd64/lib/jli/libjli.so
7fb8b6fad000-7fb8b6fd4000 r-xp 00000000 103:02 30806789                  /lib/x86_64-linux-gnu/ld-2.27.so
7fb8b7033000-7fb8b70b0000 rw-p 00000000 00:00 0 
7fb8b70b0000-7fb8b70b4000 ---p 00000000 00:00 0 
7fb8b70b4000-7fb8b71b3000 rw-p 00000000 00:00 0 
7fb8b71bc000-7fb8b71c1000 rw-p 00000000 00:00 0 
7fb8b71c1000-7fb8b71c8000 ---p 00000000 00:00 0 
7fb8b71c8000-7fb8b71d0000 rw-s 00000000 103:02 25303380                  /tmp/hsperfdata_bs674/17644
7fb8b71d0000-7fb8b71d1000 ---p 00000000 00:00 0 
7fb8b71d1000-7fb8b71d2000 r--p 00000000 00:00 0 
7fb8b71d2000-7fb8b71d4000 rw-p 00000000 00:00 0 
7fb8b71d4000-7fb8b71d5000 r--p 00027000 103:02 30806789                  /lib/x86_64-linux-gnu/ld-2.27.so
7fb8b71d5000-7fb8b71d6000 rw-p 00028000 103:02 30806789                  /lib/x86_64-linux-gnu/ld-2.27.so
7fb8b71d6000-7fb8b71d7000 rw-p 00000000 00:00 0 
7fff20744000-7fff20765000 rw-p 00000000 00:00 0                          [stack]
7fff207be000-7fff207c1000 r--p 00000000 00:00 0                          [vvar]
7fff207c1000-7fff207c2000 r-xp 00000000 00:00 0                          [vdso]
ffffffffff600000-ffffffffff601000 r-xp 00000000 00:00 0                  [vsyscall]


VM Arguments:
jvm_args: -Dfile.encoding=UTF-8 
java_command: me.songbx.mains.CnsRegionJeffRIsCORE
java_class_path (initial): /home/bs674/Dropbox/panandscripts/CNS_analysis/MyCNSanalysis/bin:/home/bs674/Dropbox/panandscripts/CNS_analysis/MyCNSanalysis/src/lib/BigWig.jar:/home/bs674/Dropbox/panandscripts/CNS_analysis/MyCNSanalysis/src/lib/commons-math3-3.0.jar:/home/bs674/Dropbox/panandscripts/CNS_analysis/MyCNSanalysis/src/lib/htsjdk-2.20.3-1-ge1bbd34-SNAPSHOT.jar:/home/bs674/Dropbox/panandscripts/CNS_analysis/MyCNSanalysis/src/lib/java-genomics-io.jar:/home/bs674/Dropbox/panandscripts/CNS_analysis/MyCNSanalysis/src/lib/log4j-1.2.15.jar:/home/bs674/Dropbox/panandscripts/CNS_analysis/MyCNSanalysis/src/lib/commons-lang3-3.9.jar
Launcher Type: SUN_STANDARD

[Global flags]
     intx CICompilerCount                          = 4                                         {product} {ergonomic}
     uint ConcGCThreads                            = 2                                         {product} {ergonomic}
     uint G1ConcRefinementThreads                  = 8                                         {product} {ergonomic}
   size_t G1HeapRegionSize                         = 1048576                                   {product} {ergonomic}
    uintx GCDrainStackTargetSize                   = 64                                        {product} {ergonomic}
   size_t InitialHeapSize                          = 127926272                                 {product} {ergonomic}
   size_t MarkStackSize                            = 4194304                                   {product} {ergonomic}
   size_t MaxHeapSize                              = 2025848832                                {product} {ergonomic}
   size_t MinHeapDeltaBytes                        = 1048576                                   {product} {ergonomic}
    uintx NonNMethodCodeHeapSize                   = 5836300                                {pd product} {ergonomic}
    uintx NonProfiledCodeHeapSize                  = 122910970                              {pd product} {ergonomic}
    uintx ProfiledCodeHeapSize                     = 122910970                              {pd product} {ergonomic}
    uintx ReservedCodeCacheSize                    = 251658240                              {pd product} {ergonomic}
     bool SegmentedCodeCache                       = true                                      {product} {ergonomic}
     bool UseCompressedClassPointers               = true                                 {lp64_product} {ergonomic}
     bool UseCompressedOops                        = true                                 {lp64_product} {ergonomic}
     bool UseG1GC                                  = true                                      {product} {ergonomic}

Logging:
Log output configuration:
 #0: stdout all=warning uptime,level,tags
 #1: stderr all=off uptime,level,tags

Environment Variables:
PATH=/usr/local/sbin:/usr/local/bin:/usr/sbin:/usr/bin:/sbin:/bin:/usr/games:/usr/local/games:/snap/bin
SHELL=/usr/bin/zsh
DISPLAY=:0

Signal Handlers:
SIGSEGV: [libjvm.so+0xdeda70], sa_mask[0]=11111111011111111101111111111110, sa_flags=SA_RESTART|SA_SIGINFO
SIGBUS: [libjvm.so+0xdeda70], sa_mask[0]=11111111011111111101111111111110, sa_flags=SA_RESTART|SA_SIGINFO
SIGFPE: [libjvm.so+0xdeda70], sa_mask[0]=11111111011111111101111111111110, sa_flags=SA_RESTART|SA_SIGINFO
SIGPIPE: [libjvm.so+0xbc3040], sa_mask[0]=11111111011111111101111111111110, sa_flags=SA_RESTART|SA_SIGINFO
SIGXFSZ: [libjvm.so+0xbc3040], sa_mask[0]=11111111011111111101111111111110, sa_flags=SA_RESTART|SA_SIGINFO
SIGILL: [libjvm.so+0xdeda70], sa_mask[0]=11111111011111111101111111111110, sa_flags=SA_RESTART|SA_SIGINFO
SIGUSR2: [libjvm.so+0xbc2ee0], sa_mask[0]=00100000000000000000000000000000, sa_flags=SA_RESTART|SA_SIGINFO
SIGHUP: SIG_DFL, sa_mask[0]=00000000000000000000000000000000, sa_flags=none
SIGINT: SIG_DFL, sa_mask[0]=00000000000000000000000000000000, sa_flags=none
SIGTERM: SIG_DFL, sa_mask[0]=00000000000000000000000000000000, sa_flags=none
SIGQUIT: SIG_DFL, sa_mask[0]=00000000000000000000000000000000, sa_flags=none


---------------  S Y S T E M  ---------------

OS:DISTRIB_ID=LinuxMint
DISTRIB_RELEASE=19.3
DISTRIB_CODENAME=tricia
DISTRIB_DESCRIPTION="Linux Mint 19.3 Tricia"
uname:Linux 5.0.0-37-generic #40~18.04.1-Ubuntu SMP Thu Nov 14 12:06:39 UTC 2019 x86_64
libc:glibc 2.27 NPTL 2.27 
rlimit: STACK 8192k, CORE 0k, NPROC 30622, NOFILE 1048576, AS infinity, DATA infinity, FSIZE infinity
load average:1.25 0.71 0.36

/proc/meminfo:
MemTotal:        7912236 kB
MemFree:          121336 kB
MemAvailable:      48648 kB
Buffers:            2484 kB
Cached:          1228800 kB
SwapCached:         3684 kB
Active:          6524116 kB
Inactive:         918560 kB
Active(anon):    6480720 kB
Inactive(anon):   874072 kB
Active(file):      43396 kB
Inactive(file):    44488 kB
Unevictable:       24436 kB
Mlocked:             128 kB
SwapTotal:       2097148 kB
SwapFree:              0 kB
Dirty:                40 kB
Writeback:             0 kB
AnonPages:       6235892 kB
Mapped:           232996 kB
Shmem:           1142576 kB
KReclaimable:      49044 kB
Slab:             124352 kB
SReclaimable:      49044 kB
SUnreclaim:        75308 kB
KernelStack:       17600 kB
PageTables:        89428 kB
NFS_Unstable:          0 kB
Bounce:                0 kB
WritebackTmp:          0 kB
CommitLimit:     6053264 kB
Committed_AS:   19107640 kB
VmallocTotal:   34359738367 kB
VmallocUsed:           0 kB
VmallocChunk:          0 kB
Percpu:             2336 kB
HardwareCorrupted:     0 kB
AnonHugePages:         0 kB
ShmemHugePages:        0 kB
ShmemPmdMapped:        0 kB
CmaTotal:              0 kB
CmaFree:               0 kB
HugePages_Total:       0
HugePages_Free:        0
HugePages_Rsvd:        0
HugePages_Surp:        0
Hugepagesize:       2048 kB
Hugetlb:               0 kB
DirectMap4k:      324220 kB
DirectMap2M:     7811072 kB
DirectMap1G:     1048576 kB


/proc/sys/kernel/threads-max (system-wide limit on the number of threads):
61245


/proc/sys/vm/max_map_count (maximum number of memory map areas a process may have):
65530


/proc/sys/kernel/pid_max (system-wide limit on number of process identifiers):
32768



container (cgroup) information:
container_type: cgroupv1
cpu_cpuset_cpus: 0-7
cpu_memory_nodes: 0
active_processor_count: 8
cpu_quota: -1
cpu_period: 100000
cpu_shares: -1
memory_limit_in_bytes: -1
memory_and_swap_limit_in_bytes: -2
memory_soft_limit_in_bytes: -1
memory_usage_in_bytes: 7647379456
memory_max_usage_in_bytes: 493400064

Steal ticks since vm start: 0
Steal ticks percentage since vm start:  0.000

CPU:total 8 (initial active 8) (4 cores per cpu, 2 threads per core) family 6 model 142 stepping 12, cmov, cx8, fxsr, mmx, sse, sse2, sse3, ssse3, sse4.1, sse4.2, popcnt, avx, avx2, aes, clmul, erms, 3dnowpref, lzcnt, ht, tsc, tscinvbit, bmi1, bmi2, adx, fma
CPU Model and flags from /proc/cpuinfo:
model name	: Intel(R) Core(TM) i7-8565U CPU @ 1.80GHz
flags		: fpu vme de pse tsc msr pae mce cx8 apic sep mtrr pge mca cmov pat pse36 clflush dts acpi mmx fxsr sse sse2 ss ht tm pbe syscall nx pdpe1gb rdtscp lm constant_tsc art arch_perfmon pebs bts rep_good nopl xtopology nonstop_tsc cpuid aperfmperf tsc_known_freq pni pclmulqdq dtes64 monitor ds_cpl vmx est tm2 ssse3 sdbg fma cx16 xtpr pdcm pcid sse4_1 sse4_2 x2apic movbe popcnt tsc_deadline_timer aes xsave avx f16c rdrand lahf_lm abm 3dnowprefetch cpuid_fault epb invpcid_single ssbd ibrs ibpb stibp ibrs_enhanced tpr_shadow vnmi flexpriority ept vpid ept_ad fsgsbase tsc_adjust bmi1 avx2 smep bmi2 erms invpcid mpx rdseed adx smap clflushopt intel_pt xsaveopt xsavec xgetbv1 xsaves dtherm ida arat pln pts hwp hwp_notify hwp_act_window hwp_epp md_clear flush_l1d arch_capabilities

Memory: 4k page, physical 7912236k(121784k free), swap 2097148k(0k free)

vm_info: OpenJDK 64-Bit Server VM (11.0.5+10-post-Ubuntu-0ubuntu1.118.04) for linux-amd64 JRE (11.0.5+10-post-Ubuntu-0ubuntu1.118.04), built on Oct 16 2019 22:01:07 by "buildd" with gcc 7.4.0

END.
